[03-Jun-2018 13:39:05 Europe/Berlin] PHP Notice:  Undefined variable: id in F:\xampp\htdocs\Webbanhang\apps\libs\header.php on line 128
[03-Jun-2018 13:39:05 Europe/Berlin] PHP Notice:  Undefined index:  in F:\xampp\htdocs\Webbanhang\apps\libs\header.php on line 128
[03-Jun-2018 13:39:16 Europe/Berlin] PHP Notice:  Undefined variable: id in F:\xampp\htdocs\Webbanhang\apps\libs\header.php on line 150
[03-Jun-2018 13:39:16 Europe/Berlin] PHP Notice:  Undefined index:  in F:\xampp\htdocs\Webbanhang\apps\libs\header.php on line 150
[04-Jun-2018 06:09:14 Europe/Berlin] PHP Notice:  Undefined variable: id in F:\xampp\htdocs\Webbanhang\apps\libs\header.php on line 142
[04-Jun-2018 06:09:14 Europe/Berlin] PHP Stack trace:
[04-Jun-2018 06:09:14 Europe/Berlin] PHP   1. {main}() F:\xampp\htdocs\Webbanhang\index.php:0
[04-Jun-2018 06:09:14 Europe/Berlin] PHP   2. include_once() F:\xampp\htdocs\Webbanhang\index.php:7
[04-Jun-2018 06:09:20 Europe/Berlin] PHP Notice:  Undefined variable: id in F:\xampp\htdocs\Webbanhang\apps\libs\header.php on line 142
[04-Jun-2018 06:09:20 Europe/Berlin] PHP Stack trace:
[04-Jun-2018 06:09:20 Europe/Berlin] PHP   1. {main}() F:\xampp\htdocs\Webbanhang\index.php:0
[04-Jun-2018 06:09:20 Europe/Berlin] PHP   2. include_once() F:\xampp\htdocs\Webbanhang\index.php:7
[04-Jun-2018 06:23:11 Europe/Berlin] PHP Warning:  A non-numeric value encountered in F:\xampp\htdocs\Webbanhang\apps\libs\header.php on line 185
[04-Jun-2018 06:23:11 Europe/Berlin] PHP Stack trace:
[04-Jun-2018 06:23:11 Europe/Berlin] PHP   1. {main}() F:\xampp\htdocs\Webbanhang\index.php:0
[04-Jun-2018 06:23:11 Europe/Berlin] PHP   2. include_once() F:\xampp\htdocs\Webbanhang\index.php:7
[04-Jun-2018 06:23:17 Europe/Berlin] PHP Warning:  A non-numeric value encountered in F:\xampp\htdocs\Webbanhang\apps\libs\header.php on line 185
[04-Jun-2018 06:23:17 Europe/Berlin] PHP Stack trace:
[04-Jun-2018 06:23:17 Europe/Berlin] PHP   1. {main}() F:\xampp\htdocs\Webbanhang\index.php:0
[04-Jun-2018 06:23:17 Europe/Berlin] PHP   2. include_once() F:\xampp\htdocs\Webbanhang\index.php:7
[04-Jun-2018 06:23:34 Europe/Berlin] PHP Warning:  A non-numeric value encountered in F:\xampp\htdocs\Webbanhang\apps\libs\header.php on line 185
[04-Jun-2018 06:23:34 Europe/Berlin] PHP Stack trace:
[04-Jun-2018 06:23:34 Europe/Berlin] PHP   1. {main}() F:\xampp\htdocs\Webbanhang\index.php:0
[04-Jun-2018 06:23:34 Europe/Berlin] PHP   2. include_once() F:\xampp\htdocs\Webbanhang\index.php:7
[04-Jun-2018 06:23:51 Europe/Berlin] PHP Warning:  A non-numeric value encountered in F:\xampp\htdocs\Webbanhang\apps\libs\header.php on line 184
[04-Jun-2018 06:23:51 Europe/Berlin] PHP Stack trace:
[04-Jun-2018 06:23:51 Europe/Berlin] PHP   1. {main}() F:\xampp\htdocs\Webbanhang\index.php:0
[04-Jun-2018 06:23:51 Europe/Berlin] PHP   2. include_once() F:\xampp\htdocs\Webbanhang\index.php:7
[04-Jun-2018 06:24:00 Europe/Berlin] PHP Warning:  A non-numeric value encountered in F:\xampp\htdocs\Webbanhang\apps\libs\header.php on line 184
[04-Jun-2018 06:24:00 Europe/Berlin] PHP Stack trace:
[04-Jun-2018 06:24:00 Europe/Berlin] PHP   1. {main}() F:\xampp\htdocs\Webbanhang\index.php:0
[04-Jun-2018 06:24:00 Europe/Berlin] PHP   2. include_once() F:\xampp\htdocs\Webbanhang\index.php:7
[04-Jun-2018 06:24:40 Europe/Berlin] PHP Warning:  A non-numeric value encountered in F:\xampp\htdocs\Webbanhang\apps\libs\header.php on line 184
[04-Jun-2018 06:24:40 Europe/Berlin] PHP Stack trace:
[04-Jun-2018 06:24:40 Europe/Berlin] PHP   1. {main}() F:\xampp\htdocs\Webbanhang\index.php:0
[04-Jun-2018 06:24:40 Europe/Berlin] PHP   2. include_once() F:\xampp\htdocs\Webbanhang\index.php:7
[04-Jun-2018 06:28:51 Europe/Berlin] PHP Warning:  Invalid argument supplied for foreach() in F:\xampp\htdocs\Webbanhang\apps\libs\header.php on line 138
[04-Jun-2018 06:28:51 Europe/Berlin] PHP Stack trace:
[04-Jun-2018 06:28:51 Europe/Berlin] PHP   1. {main}() F:\xampp\htdocs\Webbanhang\index.php:0
[04-Jun-2018 06:28:51 Europe/Berlin] PHP   2. include_once() F:\xampp\htdocs\Webbanhang\index.php:7
[04-Jun-2018 06:28:55 Europe/Berlin] PHP Warning:  Invalid argument supplied for foreach() in F:\xampp\htdocs\Webbanhang\apps\libs\header.php on line 138
[04-Jun-2018 06:28:55 Europe/Berlin] PHP Stack trace:
[04-Jun-2018 06:28:55 Europe/Berlin] PHP   1. {main}() F:\xampp\htdocs\Webbanhang\index.php:0
[04-Jun-2018 06:28:55 Europe/Berlin] PHP   2. include_once() F:\xampp\htdocs\Webbanhang\index.php:7
[04-Jun-2018 06:29:01 Europe/Berlin] PHP Warning:  Invalid argument supplied for foreach() in F:\xampp\htdocs\Webbanhang\apps\libs\header.php on line 138
[04-Jun-2018 06:29:01 Europe/Berlin] PHP Stack trace:
[04-Jun-2018 06:29:01 Europe/Berlin] PHP   1. {main}() F:\xampp\htdocs\Webbanhang\index.php:0
[04-Jun-2018 06:29:01 Europe/Berlin] PHP   2. include_once() F:\xampp\htdocs\Webbanhang\index.php:7
[04-Jun-2018 06:29:29 Europe/Berlin] PHP Warning:  Invalid argument supplied for foreach() in F:\xampp\htdocs\Webbanhang\apps\libs\header.php on line 138
[04-Jun-2018 06:29:29 Europe/Berlin] PHP Stack trace:
[04-Jun-2018 06:29:29 Europe/Berlin] PHP   1. {main}() F:\xampp\htdocs\Webbanhang\index.php:0
[04-Jun-2018 06:29:29 Europe/Berlin] PHP   2. include_once() F:\xampp\htdocs\Webbanhang\index.php:7
[04-Jun-2018 06:32:54 Europe/Berlin] PHP Warning:  Invalid argument supplied for foreach() in F:\xampp\htdocs\Webbanhang\apps\libs\header.php on line 138
[04-Jun-2018 06:32:54 Europe/Berlin] PHP Stack trace:
[04-Jun-2018 06:32:54 Europe/Berlin] PHP   1. {main}() F:\xampp\htdocs\Webbanhang\index.php:0
[04-Jun-2018 06:32:54 Europe/Berlin] PHP   2. include_once() F:\xampp\htdocs\Webbanhang\index.php:7
[04-Jun-2018 06:33:05 Europe/Berlin] PHP Notice:  Undefined variable: id in F:\xampp\htdocs\Webbanhang\apps\libs\header.php on line 198
[04-Jun-2018 06:33:05 Europe/Berlin] PHP Stack trace:
[04-Jun-2018 06:33:05 Europe/Berlin] PHP   1. {main}() F:\xampp\htdocs\Webbanhang\index.php:0
[04-Jun-2018 06:33:05 Europe/Berlin] PHP   2. include_once() F:\xampp\htdocs\Webbanhang\index.php:7
[04-Jun-2018 06:33:05 Europe/Berlin] PHP Notice:  Undefined index:  in F:\xampp\htdocs\Webbanhang\apps\libs\header.php on line 198
[04-Jun-2018 06:33:05 Europe/Berlin] PHP Stack trace:
[04-Jun-2018 06:33:05 Europe/Berlin] PHP   1. {main}() F:\xampp\htdocs\Webbanhang\index.php:0
[04-Jun-2018 06:33:05 Europe/Berlin] PHP   2. include_once() F:\xampp\htdocs\Webbanhang\index.php:7
[04-Jun-2018 15:36:03 Europe/Berlin] PHP Notice:  Undefined index: username in F:\xampp\htdocs\Webbanhang\register.php on line 74
[04-Jun-2018 15:36:03 Europe/Berlin] PHP Stack trace:
[04-Jun-2018 15:36:03 Europe/Berlin] PHP   1. {main}() F:\xampp\htdocs\Webbanhang\register.php:0
[04-Jun-2018 16:35:05 Europe/Berlin] PHP Warning:  mysqli_fetch_assoc() expects parameter 1 to be mysqli_result, boolean given in F:\xampp\htdocs\Webbanhang\register.php on line 67
[04-Jun-2018 16:35:05 Europe/Berlin] PHP Stack trace:
[04-Jun-2018 16:35:05 Europe/Berlin] PHP   1. {main}() F:\xampp\htdocs\Webbanhang\register.php:0
[04-Jun-2018 16:35:05 Europe/Berlin] PHP   2. mysqli_fetch_assoc(*uninitialized*) F:\xampp\htdocs\Webbanhang\register.php:67
[04-Jun-2018 16:40:58 Europe/Berlin] PHP Warning:  mysqli_fetch_assoc() expects parameter 1 to be mysqli_result, boolean given in F:\xampp\htdocs\Webbanhang\register.php on line 67
[04-Jun-2018 16:40:58 Europe/Berlin] PHP Stack trace:
[04-Jun-2018 16:40:58 Europe/Berlin] PHP   1. {main}() F:\xampp\htdocs\Webbanhang\register.php:0
[04-Jun-2018 16:40:58 Europe/Berlin] PHP   2. mysqli_fetch_assoc(*uninitialized*) F:\xampp\htdocs\Webbanhang\register.php:67
[04-Jun-2018 16:44:52 Europe/Berlin] PHP Warning:  mysqli_fetch_assoc() expects parameter 1 to be mysqli_result, boolean given in F:\xampp\htdocs\Webbanhang\register.php on line 58
[04-Jun-2018 16:44:52 Europe/Berlin] PHP Stack trace:
[04-Jun-2018 16:44:52 Europe/Berlin] PHP   1. {main}() F:\xampp\htdocs\Webbanhang\register.php:0
[04-Jun-2018 16:44:52 Europe/Berlin] PHP   2. mysqli_fetch_assoc() F:\xampp\htdocs\Webbanhang\register.php:58
[04-Jun-2018 16:50:40 Europe/Berlin] PHP Warning:  mysqli_fetch_assoc() expects parameter 1 to be mysqli_result, boolean given in F:\xampp\htdocs\Webbanhang\register.php on line 58
[04-Jun-2018 16:50:40 Europe/Berlin] PHP Stack trace:
[04-Jun-2018 16:50:40 Europe/Berlin] PHP   1. {main}() F:\xampp\htdocs\Webbanhang\register.php:0
[04-Jun-2018 16:50:40 Europe/Berlin] PHP   2. mysqli_fetch_assoc(*uninitialized*) F:\xampp\htdocs\Webbanhang\register.php:58
[04-Jun-2018 16:51:41 Europe/Berlin] PHP Warning:  mysqli_fetch_assoc() expects parameter 1 to be mysqli_result, boolean given in F:\xampp\htdocs\Webbanhang\register.php on line 58
[04-Jun-2018 16:51:41 Europe/Berlin] PHP Stack trace:
[04-Jun-2018 16:51:41 Europe/Berlin] PHP   1. {main}() F:\xampp\htdocs\Webbanhang\register.php:0
[04-Jun-2018 16:51:41 Europe/Berlin] PHP   2. mysqli_fetch_assoc(*uninitialized*) F:\xampp\htdocs\Webbanhang\register.php:58
[04-Jun-2018 16:55:56 Europe/Berlin] PHP Warning:  mysqli_fetch_assoc() expects parameter 1 to be mysqli_result, boolean given in F:\xampp\htdocs\Webbanhang\register.php on line 58
[04-Jun-2018 16:55:56 Europe/Berlin] PHP Stack trace:
[04-Jun-2018 16:55:56 Europe/Berlin] PHP   1. {main}() F:\xampp\htdocs\Webbanhang\register.php:0
[04-Jun-2018 16:55:56 Europe/Berlin] PHP   2. mysqli_fetch_assoc(*uninitialized*) F:\xampp\htdocs\Webbanhang\register.php:58
[04-Jun-2018 17:02:18 Europe/Berlin] PHP Warning:  mysqli_fetch_assoc() expects parameter 1 to be mysqli_result, boolean given in F:\xampp\htdocs\Webbanhang\register.php on line 58
[04-Jun-2018 17:02:18 Europe/Berlin] PHP Stack trace:
[04-Jun-2018 17:02:18 Europe/Berlin] PHP   1. {main}() F:\xampp\htdocs\Webbanhang\register.php:0
[04-Jun-2018 17:02:18 Europe/Berlin] PHP   2. mysqli_fetch_assoc() F:\xampp\htdocs\Webbanhang\register.php:58
[04-Jun-2018 17:02:43 Europe/Berlin] PHP Warning:  mysqli_fetch_assoc() expects parameter 1 to be mysqli_result, boolean given in F:\xampp\htdocs\Webbanhang\register.php on line 58
[04-Jun-2018 17:02:43 Europe/Berlin] PHP Stack trace:
[04-Jun-2018 17:02:43 Europe/Berlin] PHP   1. {main}() F:\xampp\htdocs\Webbanhang\register.php:0
[04-Jun-2018 17:02:43 Europe/Berlin] PHP   2. mysqli_fetch_assoc(*uninitialized*) F:\xampp\htdocs\Webbanhang\register.php:58
[04-Jun-2018 17:03:05 Europe/Berlin] PHP Warning:  mysqli_fetch_assoc() expects parameter 1 to be mysqli_result, boolean given in F:\xampp\htdocs\Webbanhang\register.php on line 58
[04-Jun-2018 17:03:05 Europe/Berlin] PHP Stack trace:
[04-Jun-2018 17:03:05 Europe/Berlin] PHP   1. {main}() F:\xampp\htdocs\Webbanhang\register.php:0
[04-Jun-2018 17:03:05 Europe/Berlin] PHP   2. mysqli_fetch_assoc(*uninitialized*) F:\xampp\htdocs\Webbanhang\register.php:58
[04-Jun-2018 17:04:01 Europe/Berlin] PHP Warning:  mysqli_fetch_assoc() expects parameter 1 to be mysqli_result, boolean given in F:\xampp\htdocs\Webbanhang\register.php on line 58
[04-Jun-2018 17:04:01 Europe/Berlin] PHP Stack trace:
[04-Jun-2018 17:04:01 Europe/Berlin] PHP   1. {main}() F:\xampp\htdocs\Webbanhang\register.php:0
[04-Jun-2018 17:04:01 Europe/Berlin] PHP   2. mysqli_fetch_assoc(*uninitialized*) F:\xampp\htdocs\Webbanhang\register.php:58
[04-Jun-2018 17:04:09 Europe/Berlin] PHP Warning:  mysqli_fetch_assoc() expects parameter 1 to be mysqli_result, boolean given in F:\xampp\htdocs\Webbanhang\register.php on line 58
[04-Jun-2018 17:04:09 Europe/Berlin] PHP Stack trace:
[04-Jun-2018 17:04:09 Europe/Berlin] PHP   1. {main}() F:\xampp\htdocs\Webbanhang\register.php:0
[04-Jun-2018 17:04:09 Europe/Berlin] PHP   2. mysqli_fetch_assoc(*uninitialized*) F:\xampp\htdocs\Webbanhang\register.php:58
[04-Jun-2018 20:12:17 Europe/Berlin] PHP Notice:  Undefined index: num in F:\xampp\htdocs\Webbanhang\apps\libs\header.php on line 150
[04-Jun-2018 20:12:17 Europe/Berlin] PHP Stack trace:
[04-Jun-2018 20:12:17 Europe/Berlin] PHP   1. {main}() F:\xampp\htdocs\Webbanhang\index.php:0
[04-Jun-2018 20:12:17 Europe/Berlin] PHP   2. include_once() F:\xampp\htdocs\Webbanhang\index.php:7
